c:\users\resq\documents\github\project1\debug\vc120.pdb
c:\users\resq\documents\github\project1\debug\vc120.idb
c:\users\resq\documents\github\project1\debug\blitquad.obj
c:\users\resq\documents\github\project1\debug\core.obj
c:\users\resq\documents\github\project1\debug\gbuffer.obj
c:\users\resq\documents\github\project1\debug\heightmapdata.obj
c:\users\resq\documents\github\project1\debug\main.obj
c:\users\resq\documents\github\project1\debug\obj.obj
c:\users\resq\documents\github\project1\debug\particles.obj
c:\users\resq\documents\github\project1\debug\render.obj
c:\users\resq\documents\github\project1\debug\shadercompute.obj
c:\users\resq\documents\github\project1\debug\shaderhmap.obj
c:\users\resq\documents\github\project1\debug\shaderobj.obj
c:\users\resq\documents\github\project1\debug\shaderblit.obj
c:\users\resq\documents\github\project1\debug\shaderparticle.obj
c:\users\resq\documents\github\project1\debug\shadersmap.obj
c:\users\resq\documents\github\project1\debug\shadowmapfbo.obj
c:\users\resq\documents\github\project1\debug\spotlight.obj
c:\users\resq\documents\github\project1\debug\userinput.obj
c:\users\resq\documents\github\project1\debug\stb_image.obj
c:\users\resq\documents\github\project1\debug\demo.ilk
c:\users\resq\documents\github\project1\debug\demo.exe
c:\users\resq\documents\github\project1\debug\demo.pdb
c:\users\resq\documents\github\project1\debug\demo.tlog\cl.command.1.tlog
c:\users\resq\documents\github\project1\debug\demo.tlog\cl.read.1.tlog
c:\users\resq\documents\github\project1\debug\demo.tlog\cl.write.1.tlog
c:\users\resq\documents\github\project1\debug\demo.tlog\link.command.1.tlog
c:\users\resq\documents\github\project1\debug\demo.tlog\link.read.1.tlog
c:\users\resq\documents\github\project1\debug\demo.tlog\link.write.1.tlog
